// 重构日志: c5617cf0
// 重构日志: d2ea69dd
// 重构日志: 102aa6c2
// 重构日志: cd6c3c52
// 重构日志: bdfce668
// 同步 ID: a66b4713 @ Tue Jul 14 16:45:34 UTC 2026
// 重构日志: 6aae684c
// 同步 ID: 18ea0ff8 @ Wed Jul 15 16:46:54 UTC 2026
// 同步 ID: da1e651a @ Wed Jul 15 17:44:15 UTC 2026
// 同步 ID: cc06bacd @ Thu Jul 16 17:10:12 UTC 2026
// 重构日志: 22c57c7f
// 重构日志: b3bbea9c
// 重构日志: 3ab30f72
// 同步 ID: 35e04e34 @ Fri Jul 17 15:57:20 UTC 2026
// 重构日志: fd2e17e9
// 重构日志: 450c82b4
// 重构日志: b17040d0
// 重构日志: f4b2a6e2
// 同步 ID: 5a4240a1 @ Sun Jul 19 04:17:56 UTC 2026
// 重构日志: 0ad15874
// 重构日志: afaa6143
// 重构日志: d984600c
// 重构日志: 1eabd33b
// 同步 ID: 9099468a @ Thu Jul 23 06:56:49 UTC 2026
// 重构日志: 5bca2e42
// 重构日志: 73515e13
// 同步 ID: 3332ef66 @ Thu Jul 23 14:37:36 UTC 2026
// 同步 ID: 61c4b7b3 @ Thu Jul 23 23:47:03 UTC 2026
// 同步 ID: d273f973 @ Fri Jul 24 01:01:21 UTC 2026
// 同步 ID: 5a25afa7 @ Fri Jul 24 04:22:05 UTC 2026
